<?xml version="1.0" encoding="UTF-8"?>
<!-- Generated by org.testng.reporters.JUnitReportReporter -->
<testsuite hostname="DESKTOP-63OQNSJ" failures="0" tests="1" name="testngPrograms.Parameterization" time="0.017" errors="0" timestamp="2023-08-11T22:10:22 IST" skipped="0">
  <testcase classname="testngPrograms.Parameterization" name="f" time="0.017"/>
  <system-out/>
</testsuite> <!-- testngPrograms.Parameterization -->
