<?xml version="1.0" encoding="UTF-8"?>
<!-- Generated by org.testng.reporters.JUnitReportReporter -->
<testsuite hostname="DESKTOP-63OQNSJ" failures="0" tests="2" name="testngPrograms.ParallelExecution" time="0.025" errors="0" timestamp="2023-08-11T22:33:21 IST" skipped="0">
  <testcase classname="testngPrograms.ParallelExecution" name="f" time="0.011"/>
  <system-out/>
  <testcase classname="testngPrograms.ParallelExecution" name="f" time="0.014"/>
  <system-out/>
</testsuite> <!-- testngPrograms.ParallelExecution -->
