<?xml version="1.0" encoding="UTF-8"?>
<!-- Generated by org.testng.reporters.JUnitReportReporter -->
<testsuite hostname="DESKTOP-63OQNSJ" failures="0" tests="2" name="testngPrograms.DataproviderSimple" time="0.012" errors="0" timestamp="2023-08-11T17:55:12 IST" skipped="0">
  <testcase classname="testngPrograms.DataproviderSimple" name="logindata" time="0.002"/>
  <system-out/>
  <testcase classname="testngPrograms.DataproviderSimple" name="logindata" time="0.010"/>
  <system-out/>
</testsuite> <!-- testngPrograms.DataproviderSimple -->
